<?xml version="1.0" encoding="UTF-8"?>
<!-- Generated by org.testng.reporters.JUnitReportReporter -->
<testsuite hostname="INLEN8520075188" failures="0" tests="1" name="com.abr.testcases.TestLogin" time="6.148" errors="0" timestamp="2024-08-03T20:45:48 IST" skipped="0">
  <testcase classname="com.abr.testcases.TestLogin" name="LoginApp" time="6.148"/>
  <system-out/>
</testsuite> <!-- com.abr.testcases.TestLogin -->
