<?xml version="1.0" encoding="UTF-8"?>
<!-- Generated by org.testng.reporters.JUnitReportReporter -->
<testsuite hostname="INLEN8520075188" failures="0" tests="1" name="com.abr.testcases.TestLogin2" time="3.924" errors="0" timestamp="2024-08-03T20:47:36 IST" skipped="0">
  <testcase classname="com.abr.testcases.TestLogin2" name="loginApp" time="3.924"/>
  <system-out/>
</testsuite> <!-- com.abr.testcases.TestLogin2 -->
